[2020-09-09T10:40:45,508][INFO ][o.e.n.Node               ] [] initializing ...
[2020-09-09T10:40:45,830][INFO ][o.e.e.NodeEnvironment    ] [3D9oYDN] using [1] data paths, mounts [[/ (/dev/vda1)]], net usable_space [29.5gb], net total_space [49.1gb], types [ext4]
[2020-09-09T10:40:45,835][INFO ][o.e.e.NodeEnvironment    ] [3D9oYDN] heap size [503.6mb], compressed ordinary object pointers [true]
[2020-09-09T10:40:46,093][INFO ][o.e.n.Node               ] [3D9oYDN] node name derived from node ID [3D9oYDNIQgW9OQfiVULKlA]; set [node.name] to override
[2020-09-09T10:40:46,093][INFO ][o.e.n.Node               ] [3D9oYDN] version[6.3.0], pid[8056], build[default/tar/424e937/2018-06-11T23:38:03.357887Z], OS[Linux/4.15.0-88-generic/amd64], JVM[Oracle Corporation/Java HotSpot(TM) 64-Bit Server VM/1.8.0_11/25.11-b03]
[2020-09-09T10:40:46,094][INFO ][o.e.n.Node               ] [3D9oYDN] JVM arguments [-Xms512m, -Xmx512m, -XX:+UseConcMarkSweepGC, -XX:CMSInitiatingOccupancyFraction=75, -XX:+UseCMSInitiatingOccupancyOnly, -XX:+AlwaysPreTouch, -Xss1m, -Djava.awt.headless=true, -Dfile.encoding=UTF-8, -Djna.nosys=true, -XX:-OmitStackTraceInFastThrow, -Dio.netty.noUnsafe=true, -Dio.netty.noKeySetOptimization=true, -Dio.netty.recycler.maxCapacityPerThread=0, -Dlog4j.shutdownHookEnabled=false, -Dlog4j2.disable.jmx=true, -Djava.io.tmpdir=/tmp/elasticsearch.zPU6yiMq, -XX:+HeapDumpOnOutOfMemoryError, -XX:HeapDumpPath=data, -XX:ErrorFile=logs/hs_err_pid%p.log, -XX:+PrintGCDetails, -XX:+PrintGCDateStamps, -XX:+PrintTenuringDistribution, -XX:+PrintGCApplicationStoppedTime, -Xloggc:logs/gc.log, -XX:+UseGCLogFileRotation, -XX:NumberOfGCLogFiles=32, -XX:GCLogFileSize=64m, -Des.path.home=/usr/local/tpc/elasticsearch, -Des.path.conf=/usr/local/tpc/elasticsearch/config, -Des.distribution.flavor=default, -Des.distribution.type=tar]
[2020-09-09T10:40:51,927][INFO ][o.e.p.PluginsService     ] [3D9oYDN] loaded module [aggs-matrix-stats]
[2020-09-09T10:40:51,927][INFO ][o.e.p.PluginsService     ] [3D9oYDN] loaded module [analysis-common]
[2020-09-09T10:40:51,927][INFO ][o.e.p.PluginsService     ] [3D9oYDN] loaded module [ingest-common]
[2020-09-09T10:40:51,927][INFO ][o.e.p.PluginsService     ] [3D9oYDN] loaded module [lang-expression]
[2020-09-09T10:40:51,927][INFO ][o.e.p.PluginsService     ] [3D9oYDN] loaded module [lang-mustache]
[2020-09-09T10:40:51,928][INFO ][o.e.p.PluginsService     ] [3D9oYDN] loaded module [lang-painless]
[2020-09-09T10:40:51,928][INFO ][o.e.p.PluginsService     ] [3D9oYDN] loaded module [mapper-extras]
[2020-09-09T10:40:51,928][INFO ][o.e.p.PluginsService     ] [3D9oYDN] loaded module [parent-join]
[2020-09-09T10:40:51,928][INFO ][o.e.p.PluginsService     ] [3D9oYDN] loaded module [percolator]
[2020-09-09T10:40:51,928][INFO ][o.e.p.PluginsService     ] [3D9oYDN] loaded module [rank-eval]
[2020-09-09T10:40:51,928][INFO ][o.e.p.PluginsService     ] [3D9oYDN] loaded module [reindex]
[2020-09-09T10:40:51,928][INFO ][o.e.p.PluginsService     ] [3D9oYDN] loaded module [repository-url]
[2020-09-09T10:40:51,930][INFO ][o.e.p.PluginsService     ] [3D9oYDN] loaded module [transport-netty4]
[2020-09-09T10:40:51,930][INFO ][o.e.p.PluginsService     ] [3D9oYDN] loaded module [tribe]
[2020-09-09T10:40:51,930][INFO ][o.e.p.PluginsService     ] [3D9oYDN] loaded module [x-pack-core]
[2020-09-09T10:40:51,930][INFO ][o.e.p.PluginsService     ] [3D9oYDN] loaded module [x-pack-deprecation]
[2020-09-09T10:40:51,931][INFO ][o.e.p.PluginsService     ] [3D9oYDN] loaded module [x-pack-graph]
[2020-09-09T10:40:51,931][INFO ][o.e.p.PluginsService     ] [3D9oYDN] loaded module [x-pack-logstash]
[2020-09-09T10:40:51,931][INFO ][o.e.p.PluginsService     ] [3D9oYDN] loaded module [x-pack-ml]
[2020-09-09T10:40:51,932][INFO ][o.e.p.PluginsService     ] [3D9oYDN] loaded module [x-pack-monitoring]
[2020-09-09T10:40:51,932][INFO ][o.e.p.PluginsService     ] [3D9oYDN] loaded module [x-pack-rollup]
[2020-09-09T10:40:51,932][INFO ][o.e.p.PluginsService     ] [3D9oYDN] loaded module [x-pack-security]
[2020-09-09T10:40:51,932][INFO ][o.e.p.PluginsService     ] [3D9oYDN] loaded module [x-pack-sql]
[2020-09-09T10:40:51,932][INFO ][o.e.p.PluginsService     ] [3D9oYDN] loaded module [x-pack-upgrade]
[2020-09-09T10:40:51,934][INFO ][o.e.p.PluginsService     ] [3D9oYDN] loaded module [x-pack-watcher]
[2020-09-09T10:40:51,935][INFO ][o.e.p.PluginsService     ] [3D9oYDN] loaded plugin [analysis-ik]
[2020-09-09T10:40:58,731][INFO ][o.e.x.s.a.s.FileRolesStore] [3D9oYDN] parsed [0] roles from file [/usr/local/tpc/elasticsearch/config/roles.yml]
[2020-09-09T10:40:59,946][INFO ][o.e.x.m.j.p.l.CppLogMessageHandler] [controller/8144] [Main.cc@109] controller (64 bit): Version 6.3.0 (Build 0f0a34c67965d7) Copyright (c) 2018 Elasticsearch BV
[2020-09-09T10:41:00,830][DEBUG][o.e.a.ActionModule       ] Using REST wrapper from plugin org.elasticsearch.xpack.security.Security
[2020-09-09T10:41:01,581][INFO ][o.e.d.DiscoveryModule    ] [3D9oYDN] using discovery type [zen]
[2020-09-09T10:41:03,295][INFO ][o.e.n.Node               ] [3D9oYDN] initialized
[2020-09-09T10:41:03,296][INFO ][o.e.n.Node               ] [3D9oYDN] starting ...
[2020-09-09T10:41:03,716][INFO ][o.e.t.TransportService   ] [3D9oYDN] publish_address {172.17.0.14:9300}, bound_addresses {[::]:9300}
[2020-09-09T10:41:03,771][INFO ][o.e.b.BootstrapChecks    ] [3D9oYDN] bound or publishing to a non-loopback address, enforcing bootstrap checks
[2020-09-09T10:41:06,937][INFO ][o.e.c.s.MasterService    ] [3D9oYDN] zen-disco-elected-as-master ([0] nodes joined)[, ], reason: new_master {3D9oYDN}{3D9oYDNIQgW9OQfiVULKlA}{JSAvaIdhQE2-WQt8iwZ7NA}{172.17.0.14}{172.17.0.14:9300}{ml.machine_memory=1922269184, xpack.installed=true, ml.max_open_jobs=20, ml.enabled=true}
[2020-09-09T10:41:06,947][INFO ][o.e.c.s.ClusterApplierService] [3D9oYDN] new_master {3D9oYDN}{3D9oYDNIQgW9OQfiVULKlA}{JSAvaIdhQE2-WQt8iwZ7NA}{172.17.0.14}{172.17.0.14:9300}{ml.machine_memory=1922269184, xpack.installed=true, ml.max_open_jobs=20, ml.enabled=true}, reason: apply cluster state (from master [master {3D9oYDN}{3D9oYDNIQgW9OQfiVULKlA}{JSAvaIdhQE2-WQt8iwZ7NA}{172.17.0.14}{172.17.0.14:9300}{ml.machine_memory=1922269184, xpack.installed=true, ml.max_open_jobs=20, ml.enabled=true} committed version [1] source [zen-disco-elected-as-master ([0] nodes joined)[, ]]])
[2020-09-09T10:41:07,014][INFO ][o.e.x.s.t.n.SecurityNetty4HttpServerTransport] [3D9oYDN] publish_address {172.17.0.14:9200}, bound_addresses {[::]:9200}
[2020-09-09T10:41:07,014][INFO ][o.e.n.Node               ] [3D9oYDN] started
[2020-09-09T10:41:07,187][INFO ][o.w.a.d.Monitor          ] try load config from /usr/local/tpc/elasticsearch/config/analysis-ik/IKAnalyzer.cfg.xml
[2020-09-09T10:41:07,191][INFO ][o.w.a.d.Monitor          ] try load config from /usr/local/tpc/elasticsearch/plugins/ik/config/IKAnalyzer.cfg.xml
[2020-09-09T10:41:08,291][INFO ][o.e.c.s.ClusterSettings  ] [3D9oYDN] updating [action.destructive_requires_name] from [false] to [true]
[2020-09-09T10:41:08,293][INFO ][o.e.c.s.ClusterSettings  ] [3D9oYDN] updating [action.destructive_requires_name] from [false] to [true]
[2020-09-09T10:41:09,015][WARN ][o.e.x.s.a.s.m.NativeRoleMappingStore] [3D9oYDN] Failed to clear cache for realms [[]]
[2020-09-09T10:41:09,052][INFO ][o.e.l.LicenseService     ] [3D9oYDN] license [2254864e-47e6-446e-b773-7ed53954412c] mode [basic] - valid
[2020-09-09T10:41:09,072][INFO ][o.e.g.GatewayService     ] [3D9oYDN] recovered [6] indices into cluster_state
[2020-09-09T11:15:52,183][DEBUG][o.e.a.s.TransportSearchAction] [3D9oYDN] All shards failed for phase: [query]
[2020-09-09T11:15:52,188][WARN ][r.suppressed             ] path: /_cat/count/heima, params: {index=heima}
org.elasticsearch.action.search.SearchPhaseExecutionException: all shards failed
	at org.elasticsearch.action.search.AbstractSearchAsyncAction.onPhaseFailure(AbstractSearchAsyncAction.java:288) [elasticsearch-6.3.0.jar:6.3.0]
	at org.elasticsearch.action.search.AbstractSearchAsyncAction.executeNextPhase(AbstractSearchAsyncAction.java:128) [elasticsearch-6.3.0.jar:6.3.0]
	at org.elasticsearch.action.search.AbstractSearchAsyncAction.onPhaseDone(AbstractSearchAsyncAction.java:249) [elasticsearch-6.3.0.jar:6.3.0]
	at org.elasticsearch.action.search.InitialSearchPhase.onShardFailure(InitialSearchPhase.java:101) [elasticsearch-6.3.0.jar:6.3.0]
	at org.elasticsearch.action.search.InitialSearchPhase.lambda$performPhaseOnShard$1(InitialSearchPhase.java:210) [elasticsearch-6.3.0.jar:6.3.0]
	at org.elasticsearch.action.search.InitialSearchPhase$$Lambda$2868/1229761538.run(Unknown Source) [elasticsearch-6.3.0.jar:6.3.0]
	at org.elasticsearch.action.search.InitialSearchPhase$1.doRun(InitialSearchPhase.java:189) [elasticsearch-6.3.0.jar:6.3.0]
	at org.elasticsearch.common.util.concurrent.ThreadContext$ContextPreservingAbstractRunnable.doRun(ThreadContext.java:724) [elasticsearch-6.3.0.jar:6.3.0]
	at org.elasticsearch.common.util.concurrent.AbstractRunnable.run(AbstractRunnable.java:37) [elasticsearch-6.3.0.jar:6.3.0]
	at org.elasticsearch.common.util.concurrent.TimedRunnable.doRun(TimedRunnable.java:41) [elasticsearch-6.3.0.jar:6.3.0]
	at org.elasticsearch.common.util.concurrent.AbstractRunnable.run(AbstractRunnable.java:37) [elasticsearch-6.3.0.jar:6.3.0]
	at java.util.concurrent.ThreadPoolExecutor.runWorker(ThreadPoolExecutor.java:1142) [?:1.8.0_11]
	at java.util.concurrent.ThreadPoolExecutor$Worker.run(ThreadPoolExecutor.java:617) [?:1.8.0_11]
	at java.lang.Thread.run(Thread.java:745) [?:1.8.0_11]
[2020-09-09T11:15:52,627][DEBUG][o.e.a.s.TransportSearchAction] [3D9oYDN] All shards failed for phase: [query]
[2020-09-09T11:15:52,628][WARN ][r.suppressed             ] path: /_cat/count/heima, params: {index=heima}
org.elasticsearch.action.search.SearchPhaseExecutionException: all shards failed
	at org.elasticsearch.action.search.AbstractSearchAsyncAction.onPhaseFailure(AbstractSearchAsyncAction.java:288) [elasticsearch-6.3.0.jar:6.3.0]
	at org.elasticsearch.action.search.AbstractSearchAsyncAction.executeNextPhase(AbstractSearchAsyncAction.java:128) [elasticsearch-6.3.0.jar:6.3.0]
	at org.elasticsearch.action.search.AbstractSearchAsyncAction.onPhaseDone(AbstractSearchAsyncAction.java:249) [elasticsearch-6.3.0.jar:6.3.0]
	at org.elasticsearch.action.search.InitialSearchPhase.onShardFailure(InitialSearchPhase.java:101) [elasticsearch-6.3.0.jar:6.3.0]
	at org.elasticsearch.action.search.InitialSearchPhase.lambda$performPhaseOnShard$1(InitialSearchPhase.java:210) [elasticsearch-6.3.0.jar:6.3.0]
	at org.elasticsearch.action.search.InitialSearchPhase$$Lambda$2868/1229761538.run(Unknown Source) [elasticsearch-6.3.0.jar:6.3.0]
	at org.elasticsearch.action.search.InitialSearchPhase$1.doRun(InitialSearchPhase.java:189) [elasticsearch-6.3.0.jar:6.3.0]
	at org.elasticsearch.common.util.concurrent.ThreadContext$ContextPreservingAbstractRunnable.doRun(ThreadContext.java:724) [elasticsearch-6.3.0.jar:6.3.0]
	at org.elasticsearch.common.util.concurrent.AbstractRunnable.run(AbstractRunnable.java:37) [elasticsearch-6.3.0.jar:6.3.0]
	at org.elasticsearch.common.util.concurrent.TimedRunnable.doRun(TimedRunnable.java:41) [elasticsearch-6.3.0.jar:6.3.0]
	at org.elasticsearch.common.util.concurrent.AbstractRunnable.run(AbstractRunnable.java:37) [elasticsearch-6.3.0.jar:6.3.0]
	at java.util.concurrent.ThreadPoolExecutor.runWorker(ThreadPoolExecutor.java:1142) [?:1.8.0_11]
	at java.util.concurrent.ThreadPoolExecutor$Worker.run(ThreadPoolExecutor.java:617) [?:1.8.0_11]
	at java.lang.Thread.run(Thread.java:745) [?:1.8.0_11]
[2020-09-09T11:15:53,067][DEBUG][o.e.a.s.TransportSearchAction] [3D9oYDN] All shards failed for phase: [query]
[2020-09-09T11:15:53,067][WARN ][r.suppressed             ] path: /_cat/count/heima, params: {index=heima}
org.elasticsearch.action.search.SearchPhaseExecutionException: all shards failed
	at org.elasticsearch.action.search.AbstractSearchAsyncAction.onPhaseFailure(AbstractSearchAsyncAction.java:288) [elasticsearch-6.3.0.jar:6.3.0]
	at org.elasticsearch.action.search.AbstractSearchAsyncAction.executeNextPhase(AbstractSearchAsyncAction.java:128) [elasticsearch-6.3.0.jar:6.3.0]
	at org.elasticsearch.action.search.AbstractSearchAsyncAction.onPhaseDone(AbstractSearchAsyncAction.java:249) [elasticsearch-6.3.0.jar:6.3.0]
	at org.elasticsearch.action.search.InitialSearchPhase.onShardFailure(InitialSearchPhase.java:101) [elasticsearch-6.3.0.jar:6.3.0]
	at org.elasticsearch.action.search.InitialSearchPhase.lambda$performPhaseOnShard$1(InitialSearchPhase.java:210) [elasticsearch-6.3.0.jar:6.3.0]
	at org.elasticsearch.action.search.InitialSearchPhase$$Lambda$2868/1229761538.run(Unknown Source) [elasticsearch-6.3.0.jar:6.3.0]
	at org.elasticsearch.action.search.InitialSearchPhase$1.doRun(InitialSearchPhase.java:189) [elasticsearch-6.3.0.jar:6.3.0]
	at org.elasticsearch.common.util.concurrent.ThreadContext$ContextPreservingAbstractRunnable.doRun(ThreadContext.java:724) [elasticsearch-6.3.0.jar:6.3.0]
	at org.elasticsearch.common.util.concurrent.AbstractRunnable.run(AbstractRunnable.java:37) [elasticsearch-6.3.0.jar:6.3.0]
	at org.elasticsearch.common.util.concurrent.TimedRunnable.doRun(TimedRunnable.java:41) [elasticsearch-6.3.0.jar:6.3.0]
	at org.elasticsearch.common.util.concurrent.AbstractRunnable.run(AbstractRunnable.java:37) [elasticsearch-6.3.0.jar:6.3.0]
	at java.util.concurrent.ThreadPoolExecutor.runWorker(ThreadPoolExecutor.java:1142) [?:1.8.0_11]
	at java.util.concurrent.ThreadPoolExecutor$Worker.run(ThreadPoolExecutor.java:617) [?:1.8.0_11]
	at java.lang.Thread.run(Thread.java:745) [?:1.8.0_11]
[2020-09-09T11:15:53,514][DEBUG][o.e.a.s.TransportSearchAction] [3D9oYDN] All shards failed for phase: [query]
[2020-09-09T11:15:53,515][WARN ][r.suppressed             ] path: /_cat/count/heima, params: {index=heima}
org.elasticsearch.action.search.SearchPhaseExecutionException: all shards failed
	at org.elasticsearch.action.search.AbstractSearchAsyncAction.onPhaseFailure(AbstractSearchAsyncAction.java:288) [elasticsearch-6.3.0.jar:6.3.0]
	at org.elasticsearch.action.search.AbstractSearchAsyncAction.executeNextPhase(AbstractSearchAsyncAction.java:128) [elasticsearch-6.3.0.jar:6.3.0]
	at org.elasticsearch.action.search.AbstractSearchAsyncAction.onPhaseDone(AbstractSearchAsyncAction.java:249) [elasticsearch-6.3.0.jar:6.3.0]
	at org.elasticsearch.action.search.InitialSearchPhase.onShardFailure(InitialSearchPhase.java:101) [elasticsearch-6.3.0.jar:6.3.0]
	at org.elasticsearch.action.search.InitialSearchPhase.lambda$performPhaseOnShard$1(InitialSearchPhase.java:210) [elasticsearch-6.3.0.jar:6.3.0]
	at org.elasticsearch.action.search.InitialSearchPhase$$Lambda$2868/1229761538.run(Unknown Source) [elasticsearch-6.3.0.jar:6.3.0]
	at org.elasticsearch.action.search.InitialSearchPhase$1.doRun(InitialSearchPhase.java:189) [elasticsearch-6.3.0.jar:6.3.0]
	at org.elasticsearch.common.util.concurrent.ThreadContext$ContextPreservingAbstractRunnable.doRun(ThreadContext.java:724) [elasticsearch-6.3.0.jar:6.3.0]
	at org.elasticsearch.common.util.concurrent.AbstractRunnable.run(AbstractRunnable.java:37) [elasticsearch-6.3.0.jar:6.3.0]
	at org.elasticsearch.common.util.concurrent.TimedRunnable.doRun(TimedRunnable.java:41) [elasticsearch-6.3.0.jar:6.3.0]
	at org.elasticsearch.common.util.concurrent.AbstractRunnable.run(AbstractRunnable.java:37) [elasticsearch-6.3.0.jar:6.3.0]
	at java.util.concurrent.ThreadPoolExecutor.runWorker(ThreadPoolExecutor.java:1142) [?:1.8.0_11]
	at java.util.concurrent.ThreadPoolExecutor$Worker.run(ThreadPoolExecutor.java:617) [?:1.8.0_11]
	at java.lang.Thread.run(Thread.java:745) [?:1.8.0_11]
